<?xml version="1.0" encoding="UTF-8"?>
<testsuite xmlns:xsi="http://www.w3.org/2001/XMLSchema-instance" xsi:noNamespaceSchemaLocation="https://maven.apache.org/surefire/maven-surefire-plugin/xsd/surefire-test-report.xsd" version="3.0.2" name="com.facturas.facturas.FacturasApplicationTests" time="5.722" tests="1" errors="0" skipped="0" failures="0">
  <properties>
[...]
</properties>
  <testcase name="contextLoads" classname="com.facturas.facturas.FacturasApplicationTests" time="0.534">
    <system-out><![CDATA[15:39:44.255 [main] INFO org.springframework.test.context.support.AnnotationConfigContextLoaderUtils -- Could not detect default configuration classes for test class [com.facturas.facturas.FacturasApplicationTests]: FacturasApplicationTests does not declare any static, non-private, non-final, nested classes annotated with @Configuration.
15:39:44.403 [main] INFO org.springframework.boot.test.context.SpringBootTestContextBootstrapper -- Found @SpringBootConfiguration com.facturas.facturas.FacturasApplication for test class com.facturas.facturas.FacturasApplicationTests
15:39:44.638 [main] INFO org.springframework.boot.devtools.restart.RestartApplicationListener -- Restart disabled due to context in which it is running

  .   ____          _            __ _ _
 /\\ / ___'_ __ _ _(_)_ __  __ _ \ \ \ \
( ( )\___ | '_ | '_| | '_ \/ _` | \ \ \ \
 \\/  ___)| |_)| | | | | || (_| |  ) ) ) )
  '  |____| .__|_| |_|_| |_\__, | / / / /
 =========|_|==============|___/=/_/_/_/

 :: Spring Boot ::                (v3.5.4)

2025-08-01T15:39:45.014+02:00  INFO 11248 --- [facturas] [           main] c.f.facturas.FacturasApplicationTests    : Starting FacturasApplicationTests using Java 17.0.5 with PID 11248 (started by Raul in C:\Users\Raul\Downloads\app_iva\facturas)
2025-08-01T15:39:45.015+02:00  INFO 11248 --- [facturas] [           main] c.f.facturas.FacturasApplicationTests    : No active profile set, falling back to 1 default profile: "default"
2025-08-01T15:39:45.801+02:00  INFO 11248 --- [facturas] [           main] .s.d.r.c.RepositoryConfigurationDelegate : Bootstrapping Spring Data JPA repositories in DEFAULT mode.
2025-08-01T15:39:45.829+02:00  INFO 11248 --- [facturas] [           main] .s.d.r.c.RepositoryConfigurationDelegate : Finished Spring Data repository scanning in 17 ms. Found 0 JPA repository interfaces.
2025-08-01T15:39:46.301+02:00  INFO 11248 --- [facturas] [           main] o.hibernate.jpa.internal.util.LogHelper  : HHH000204: Processing PersistenceUnitInfo [name: default]
2025-08-01T15:39:46.415+02:00  INFO 11248 --- [facturas] [           main] org.hibernate.Version                    : HHH000412: Hibernate ORM core version 6.6.22.Final
2025-08-01T15:39:46.475+02:00  INFO 11248 --- [facturas] [           main] o.h.c.internal.RegionFactoryInitiator    : HHH000026: Second-level cache disabled
2025-08-01T15:39:46.984+02:00  INFO 11248 --- [facturas] [           main] o.s.o.j.p.SpringPersistenceUnitInfo      : No LoadTimeWeaver setup: ignoring JPA class transformer
2025-08-01T15:39:47.039+02:00  INFO 11248 --- [facturas] [           main] com.zaxxer.hikari.HikariDataSource       : HikariPool-1 - Starting...
2025-08-01T15:39:47.257+02:00  INFO 11248 --- [facturas] [           main] com.zaxxer.hikari.pool.HikariPool        : HikariPool-1 - Added connection org.postgresql.jdbc.PgConnection@74fc3fc7
2025-08-01T15:39:47.259+02:00  INFO 11248 --- [facturas] [           main] com.zaxxer.hikari.HikariDataSource       : HikariPool-1 - Start completed.
2025-08-01T15:39:47.374+02:00  INFO 11248 --- [facturas] [           main] org.hibernate.orm.connections.pooling    : HHH10001005: Database info:
	Database JDBC URL [Connecting through datasource 'HikariDataSource (HikariPool-1)']
	Database driver: undefined/unknown
	Database version: 17.5
	Autocommit mode: undefined/unknown
	Isolation level: undefined/unknown
	Minimum pool size: undefined/unknown
	Maximum pool size: undefined/unknown
2025-08-01T15:39:48.474+02:00  INFO 11248 --- [facturas] [           main] o.h.e.t.j.p.i.JtaPlatformInitiator       : HHH000489: No JTA platform available (set 'hibernate.transaction.jta.platform' to enable JTA platform integration)
Hibernate: 
    alter table if exists facturas 
       alter column base_imponible set data type numeric(38,2)
Hibernate: 
    alter table if exists facturas 
       alter column total set data type numeric(38,2)
2025-08-01T15:39:48.543+02:00  INFO 11248 --- [facturas] [           main] j.LocalContainerEntityManagerFactoryBean : Initialized JPA EntityManagerFactory for persistence unit 'default'
2025-08-01T15:39:48.708+02:00  WARN 11248 --- [facturas] [           main] JpaBaseConfiguration$JpaWebConfiguration : spring.jpa.open-in-view is enabled by default. Therefore, database queries may be performed during view rendering. Explicitly configure spring.jpa.open-in-view to disable this warning
2025-08-01T15:39:48.742+02:00  INFO 11248 --- [facturas] [           main] o.s.b.a.w.s.WelcomePageHandlerMapping    : Adding welcome page template: index
2025-08-01T15:39:49.257+02:00  INFO 11248 --- [facturas] [           main] c.f.facturas.FacturasApplicationTests    : Started FacturasApplicationTests in 4.637 seconds (process running for 6.039)
]]></system-out>
  </testcase>
</testsuite>